Case #1: 19 20
Case #2: 023 023
Case #3: 0 0
Case #4: 05 00
Case #5: 722 726
Case #6: 497 500
Case #7: 300 300
Case #8: 120 089
Case #9: 900 900
Case #10: 098 093
Case #11: 807 810
Case #12: 99 99
Case #13: 418 418
Case #14: 092 093
Case #15: 800 699
Case #16: 93 88
Case #17: 397 760
Case #18: 057 057
Case #19: 469 469
Case #20: 007 008
Case #21: 019 050
Case #22: 05 05
Case #23: 988 992
Case #24: 499 720
Case #25: 187 188
Case #26: 99 99
Case #27: 099 130
Case #28: 159 161
Case #29: 039 070
Case #30: 019 507
Case #31: 049 090
Case #32: 795 860
Case #33: 701 701
Case #34: 90 99
Case #35: 070 039
Case #36: 09 90
Case #37: 10 05
Case #38: 520 199
Case #39: 585 584
Case #40: 910 910
Case #41: 039 080
Case #42: 032 057
Case #43: 499 500
Case #44: 09 05
Case #45: 09 09
Case #46: 909 910
Case #47: 049 080
Case #48: 99 99
Case #49: 080 039
Case #50: 800 800
Case #51: 397 401
Case #52: 99 99
Case #53: 099 110
Case #54: 00 00
Case #55: 110 065
Case #56: 097 097
Case #57: 069 100
Case #58: 308 310
Case #59: 894 873
Case #60: 0 0
Case #61: 992 988
Case #62: 550 550
Case #63: 9 9
Case #64: 012 012
Case #65: 419 701
Case #66: 089 120
Case #67: 105 105
Case #68: 011 014
Case #69: 060 029
Case #70: 599 601
Case #71: 030 030
Case #72: 00 00
Case #73: 199 738
Case #74: 99 99
Case #75: 386 430
Case #76: 084 105
Case #77: 059 070
Case #78: 9 9
Case #79: 050 013
Case #80: 046 046
Case #81: 500 500
Case #82: 99 90
Case #83: 002 003
Case #84: 009 050
Case #85: 083 083
Case #86: 397 392
Case #87: 05 05
Case #88: 070 029
Case #89: 903 907
Case #90: 010 009
Case #91: 000 000
Case #92: 110 079
Case #93: 027 027
Case #94: 399 738
Case #95: 588 279
Case #96: 700 399
Case #97: 00 00
Case #98: 540 540
Case #99: 050 050
Case #100: 759 908
Case #101: 050 019
Case #102: 050 050
Case #103: 090 059
Case #104: 542 542
Case #105: 502 502
Case #106: 5 5
Case #107: 099 100
Case #108: 910 909
Case #109: 99 99
Case #110: 324 306
Case #111: 0 0
Case #112: 006 006
Case #113: 05 10
Case #114: 740 740
Case #115: 304 304
Case #116: 909 990
Case #117: 102 098
Case #118: 001 001
Case #119: 730 727
Case #120: 866 901
Case #121: 093 098
Case #122: 200 200
Case #123: 99 99
Case #124: 007 002
Case #125: 00 00
Case #126: 870 870
Case #127: 432 461
Case #128: 99 99
Case #129: 040 009
Case #130: 993 988
Case #131: 05 05
Case #132: 080 049
Case #133: 988 993
Case #134: 95 95
Case #135: 100 099
Case #136: 705 713
Case #137: 721 679
Case #138: 00 00
Case #139: 099 909
Case #140: 09 10
Case #141: 943 943
Case #142: 056 056
Case #143: 139 099
Case #144: 543 543
Case #145: 09 99
Case #146: 019 060
Case #147: 09 09
Case #148: 000 000
Case #149: 060 019
Case #150: 069 069
Case #151: 186 300
Case #152: 130 099
Case #153: 612 612
Case #154: 10 09
Case #155: 079 110
Case #156: 05 05
Case #157: 080 080
Case #158: 100 069
Case #159: 90 90
Case #160: 959 990
Case #161: 00 00
Case #162: 005 260
Case #163: 249 249
Case #164: 5 5
Case #165: 90 90
Case #166: 95 95
Case #167: 90 90
Case #168: 803 808
Case #169: 819 820
Case #170: 919 919
Case #171: 029 060
Case #172: 900 898
Case #173: 990 909
Case #174: 00 05
Case #175: 199 199
Case #176: 90 09
Case #177: 109 109
Case #178: 400 099
Case #179: 88 93
Case #180: 017 017
Case #181: 09 09
Case #182: 317 322
Case #183: 009 040
Case #184: 333 333
Case #185: 00 00
Case #186: 399 700
Case #187: 050 009
Case #188: 678 678
Case #189: 090 049
Case #190: 029 070
Case #191: 05 09
Case #192: 90 90
Case #193: 299 300
Case #194: 09 09
Case #195: 059 090
Case #196: 99 95
Case #197: 386 359
Case #198: 99 09
Case #199: 95 99
Case #200: 498 498
