Case #1: 19 20
Case #2: 023 023
Case #3: 0 0
Case #4: 05 00
Case #5: 100 099
Case #6: 397 760
Case #7: 99 95
Case #8: 264 295
Case #9: 059 090
Case #10: 730 727
Case #11: 070 100
Case #12: 009 004
Case #13: 05 10
Case #14: 640 640
Case #15: 919 993
Case #16: 00 05
Case #17: 070 039
Case #18: 99 99
Case #19: 09 99
Case #20: 810 810
Case #21: 209 189
Case #22: 05 05
Case #23: 95 95
Case #24: 148 148
Case #25: 411 407
Case #26: 090 059
Case #27: 721 679
Case #28: 595 607
Case #29: 90 90
Case #30: 019 060
Case #31: 080 039
Case #32: 709 709
Case #33: 90 90
Case #34: 00 00
Case #35: 807 810
Case #36: 988 992
Case #37: 870 870
Case #38: 05 05
Case #39: 196 196
Case #40: 362 362
Case #41: 800 699
Case #42: 074 800
Case #43: 00 00
Case #44: 177 177
Case #45: 895 893
Case #46: 093 098
Case #47: 99 99
Case #48: 361 360
Case #49: 090 049
Case #50: 09 09
Case #51: 05 09
Case #52: 90 90
Case #53: 497 500
Case #54: 0 0
Case #55: 028 028
Case #56: 005 005
Case #57: 375 500
Case #58: 020 020
Case #59: 958 958
Case #60: 99 99
Case #61: 701 701
Case #62: 660 493
Case #63: 159 161
Case #64: 030 030
Case #65: 060 029
Case #66: 109 109
Case #67: 95 99
Case #68: 070 029
Case #69: 080 049
Case #70: 599 601
Case #71: 710 710
Case #72: 668 659
Case #73: 943 943
Case #74: 302 302
Case #75: 010 009
Case #76: 879 879
Case #77: 002 003
Case #78: 060 019
Case #79: 019 050
Case #80: 052 052
Case #81: 896 893
Case #82: 09 09
Case #83: 88 93
Case #84: 079 110
Case #85: 061 049
Case #86: 632 632
Case #87: 087 087
Case #88: 600 159
Case #89: 149 170
Case #90: 09 09
Case #91: 049 090
Case #92: 230 230
Case #93: 110 065
Case #94: 120 120
Case #95: 639 870
Case #96: 00 00
Case #97: 703 703
Case #98: 992 988
Case #99: 070 070
Case #100: 09 05
Case #101: 902 495
Case #102: 074 074
Case #103: 009 050
Case #104: 99 99
Case #105: 990 909
Case #106: 009 009
Case #107: 007 007
Case #108: 05 05
Case #109: 201 201
Case #110: 699 997
Case #111: 09 10
Case #112: 010 012
Case #113: 364 379
Case #114: 00 00
Case #115: 069 100
Case #116: 308 099
Case #117: 006 009
Case #118: 299 413
Case #119: 099 100
Case #120: 828 890
Case #121: 102 098
Case #122: 281 320
Case #123: 110 079
Case #124: 050 009
Case #125: 099 300
Case #126: 900 599
Case #127: 049 080
Case #128: 99 99
Case #129: 233 233
Case #130: 99 99
Case #131: 0 0
Case #132: 9 9
Case #133: 10 09
Case #134: 120 089
Case #135: 046 046
Case #136: 9 9
Case #137: 055 055
Case #138: 931 931
Case #139: 829 857
Case #140: 098 404
Case #141: 909 795
Case #142: 825 390
Case #143: 5 5
Case #144: 098 093
Case #145: 09 09
Case #146: 09 90
Case #147: 00 00
Case #148: 99 99
Case #149: 10 05
Case #150: 109 126
Case #151: 95 95
Case #152: 847 849
Case #153: 90 99
Case #154: 5 5
Case #155: 993 988
Case #156: 099 130
Case #157: 130 099
Case #158: 397 401
Case #159: 050 019
Case #160: 029 070
Case #161: 006 010
Case #162: 079 090
Case #163: 199 199
Case #164: 000 000
Case #165: 099 909
Case #166: 90 09
Case #167: 029 060
Case #168: 092 092
Case #169: 004 004
Case #170: 404 404
Case #171: 99 99
Case #172: 909 990
Case #173: 030 030
Case #174: 040 009
Case #175: 93 88
Case #176: 199 200
Case #177: 092 093
Case #178: 019 021
Case #179: 00 00
Case #180: 308 310
Case #181: 99 09
Case #182: 988 993
Case #183: 800 395
Case #184: 00 00
Case #185: 210 166
Case #186: 909 910
Case #187: 039 080
Case #188: 910 909
Case #189: 90 90
Case #190: 009 040
Case #191: 089 103
Case #192: 039 070
Case #193: 744 709
Case #194: 100 069
Case #195: 99 90
Case #196: 089 120
Case #197: 05 05
Case #198: 322 322
Case #199: 950 039
Case #200: 690 690
