Case #1: 1
1 1 1
Case #2: 4
1 1 1
1 2 1
1 1 2
1 2 2
Case #3: 2
1 1 1
1 1 2
Case #4: 2
1 1 1
1 2 2
Case #5: 9
1 1 1
1 2 1
1 3 1
1 1 2
1 2 2
1 3 2
1 1 3
1 2 3
1 3 3
Case #6: 2
1 1 1
1 1 2
Case #7: 1
1 1 1
Case #8: 4
1 1 1
1 2 1
1 1 2
1 2 2
Case #9: 2
1 1 1
1 1 2
Case #10: 7
1 1 1
1 2 1
1 1 2
1 2 2
1 3 3
3 1 3
3 3 1
Case #11: 4
1 1 1
1 2 1
1 1 2
1 2 2
Case #12: 6
1 1 1
1 2 1
1 1 2
1 2 2
1 1 3
1 2 3
Case #13: 9
1 1 1
1 2 1
1 3 1
1 1 2
1 2 2
1 3 2
1 1 3
1 2 3
1 3 3
Case #14: 1
1 1 1
Case #15: 4
1 1 1
1 2 1
1 1 2
1 2 2
Case #16: 9
1 1 1
1 2 1
1 3 1
1 1 2
1 2 2
1 3 2
1 1 3
1 2 3
1 3 3
Case #17: 4
1 1 1
1 2 1
1 1 2
1 2 2
Case #18: 9
1 1 1
1 2 1
1 3 1
1 1 2
1 2 2
1 3 2
1 1 3
1 2 3
1 3 3
Case #19: 6
1 1 1
1 2 1
1 1 2
1 2 2
1 1 3
1 2 3
Case #20: 2
1 1 1
1 1 2
Case #21: 3
1 1 1
1 1 2
1 1 3
Case #22: 4
1 1 1
1 2 1
1 1 2
1 2 2
Case #23: 4
1 1 1
1 2 1
1 1 2
1 2 2
Case #24: 3
1 1 1
1 2 2
1 3 3
Case #25: 1
1 1 1
Case #26: 6
1 1 1
1 2 1
1 1 2
1 2 2
1 1 3
1 2 3
Case #27: 2
1 1 1
1 1 2
Case #28: 9
1 1 1
1 2 1
1 3 1
1 1 2
1 2 2
1 3 2
1 1 3
1 2 3
1 3 3
Case #29: 9
1 1 1
1 2 1
1 3 1
1 1 2
1 2 2
1 3 2
1 1 3
1 2 3
1 3 3
Case #30: 6
1 1 1
1 2 1
1 1 2
1 2 2
1 1 3
1 2 3
Case #31: 3
1 1 1
1 1 2
1 1 3
Case #32: 9
1 1 1
1 2 1
1 3 1
1 1 2
1 2 2
1 3 2
1 1 3
1 2 3
1 3 3
Case #33: 2
1 1 1
1 1 2
Case #34: 3
1 1 1
1 1 2
1 1 3
Case #35: 9
1 1 1
1 2 1
1 3 1
1 1 2
1 2 2
1 3 2
1 1 3
1 2 3
1 3 3
Case #36: 9
1 1 1
1 2 1
1 3 1
1 1 2
1 2 2
1 3 2
1 1 3
1 2 3
1 3 3
Case #37: 1
1 1 1
Case #38: 4
1 1 1
1 2 1
1 1 2
1 2 2
Case #39: 3
1 1 1
1 1 2
1 1 3
Case #40: 6
1 1 1
1 2 1
1 1 2
1 2 2
1 1 3
1 2 3
Case #41: 9
1 1 1
1 2 1
1 3 1
1 1 2
1 2 2
1 3 2
1 1 3
1 2 3
1 3 3
Case #42: 4
1 1 1
1 2 1
1 1 2
1 2 2
Case #43: 4
1 1 1
1 2 2
2 1 2
2 2 1
Case #44: 4
1 1 1
1 2 1
1 1 2
1 2 2
Case #45: 9
1 1 1
1 2 1
1 3 1
1 1 2
1 2 2
1 3 2
1 1 3
1 2 3
1 3 3
Case #46: 1
1 1 1
Case #47: 6
1 1 1
1 2 1
1 1 2
1 2 2
1 1 3
1 2 3
Case #48: 6
1 1 1
1 2 1
1 1 2
1 2 2
1 1 3
1 2 3
Case #49: 9
1 1 1
1 2 1
1 3 1
1 1 2
1 2 2
1 3 2
1 1 3
1 2 3
1 3 3
Case #50: 4
1 1 1
1 2 1
1 1 2
1 2 2
Case #51: 6
1 1 1
1 2 1
1 1 2
1 2 2
1 1 3
1 2 3
Case #52: 4
1 1 1
1 2 1
1 1 2
1 2 2
Case #53: 6
1 1 1
1 2 1
1 1 2
1 2 2
1 1 3
1 2 3
Case #54: 1
1 1 1
Case #55: 9
1 1 1
1 2 1
1 3 1
1 1 2
1 2 2
1 3 2
1 1 3
1 2 3
1 3 3
Case #56: 6
1 1 1
1 2 1
1 1 2
1 2 2
1 1 3
1 2 3
Case #57: 9
1 1 1
1 2 1
1 3 1
1 1 2
1 2 2
1 3 2
1 1 3
1 2 3
1 3 3
Case #58: 9
1 1 1
1 2 1
1 3 1
1 1 2
1 2 2
1 3 2
1 1 3
1 2 3
1 3 3
Case #59: 9
1 1 1
1 2 1
1 3 1
1 1 2
1 2 2
1 3 2
1 1 3
1 2 3
1 3 3
Case #60: 1
1 1 1
Case #61: 2
1 1 1
1 1 2
Case #62: 4
1 1 1
1 2 1
1 1 2
1 2 2
Case #63: 9
1 1 1
1 2 1
1 3 1
1 1 2
1 2 2
1 3 2
1 1 3
1 2 3
1 3 3
Case #64: 5
1 1 1
1 2 2
1 3 3
2 1 2
2 2 1
Case #65: 3
1 1 1
1 1 2
1 1 3
Case #66: 5
1 1 1
1 2 1
1 1 2
1 2 2
1 3 3
Case #67: 5
1 1 1
1 2 1
1 1 2
1 2 2
1 3 3
Case #68: 6
1 1 1
1 2 1
1 1 2
1 2 2
1 1 3
1 2 3
Case #69: 4
1 1 1
1 2 1
1 1 2
1 2 2
Case #70: 6
1 1 1
1 2 1
1 1 2
1 2 2
1 1 3
1 2 3
Case #71: 6
1 1 1
1 2 1
1 1 2
1 2 2
1 1 3
1 2 3
Case #72: 4
1 1 1
1 2 1
1 1 2
1 2 2
Case #73: 4
1 1 1
1 2 2
2 1 2
2 2 1
Case #74: 9
1 1 1
1 2 1
1 3 1
1 1 2
1 2 2
1 3 2
1 1 3
1 2 3
1 3 3
Case #75: 1
1 1 1
Case #76: 4
1 1 1
1 2 1
1 1 2
1 2 2
Case #77: 9
1 1 1
1 2 1
1 3 1
1 1 2
1 2 2
1 3 2
1 1 3
1 2 3
1 3 3
Case #78: 3
1 1 1
1 1 2
1 1 3
Case #79: 3
1 1 1
1 1 2
1 1 3
Case #80: 2
1 1 1
1 1 2
Case #81: 9
1 1 1
1 2 1
1 3 1
1 1 2
1 2 2
1 3 2
1 1 3
1 2 3
1 3 3
Case #82: 7
1 1 1
1 2 2
1 3 3
2 1 2
3 1 3
2 2 1
3 3 1
Case #83: 4
1 1 1
1 2 1
1 1 2
1 2 2
Case #84: 4
1 1 1
1 2 1
1 1 2
1 2 2
Case #85: 1
1 1 1
Case #86: 2
1 1 1
1 1 2
Case #87: 2
1 1 1
1 2 2
Case #88: 3
1 1 1
1 1 2
1 1 3
Case #89: 9
1 1 1
1 2 1
1 3 1
1 1 2
1 2 2
1 3 2
1 1 3
1 2 3
1 3 3
Case #90: 4
1 1 1
1 2 1
1 1 2
1 2 2
Case #91: 6
1 1 1
1 2 1
1 1 2
1 2 2
1 1 3
1 2 3
Case #92: 6
1 1 1
1 2 1
1 1 2
1 2 2
1 1 3
1 2 3
Case #93: 4
1 1 1
1 2 1
1 1 2
1 2 2
Case #94: 2
1 1 1
1 1 2
Case #95: 1
1 1 1
Case #96: 1
1 1 1
Case #97: 9
1 1 1
1 2 1
1 3 1
1 1 2
1 2 2
1 3 2
1 1 3
1 2 3
1 3 3
Case #98: 6
1 1 1
1 2 1
1 1 2
1 2 2
1 1 3
1 2 3
Case #99: 9
1 1 1
1 2 1
1 3 1
1 1 2
1 2 2
1 3 2
1 1 3
1 2 3
1 3 3
Case #100: 9
1 1 1
1 2 1
1 3 1
1 1 2
1 2 2
1 3 2
1 1 3
1 2 3
1 3 3
