Case #1: 3 4 6
Case #2: 3 4 6 7 8 10 12 14 15 16
Case #3: 2 3 4
Case #4: 2 6
Case #5: 2 9 16 23 30 37 44
Case #6: 9 13 16 18 21 25 28
Case #7: 6 8
Case #8: 5 10 14 18
Case #9: 4 8 11
Case #10: 21 22 23 24 25 26 27 28 29 30
Case #11: 3 4 5
Case #12: 3 5 6 7
Case #13: 1 2 3 4 6
Case #14: 24 27 30 41 60 79 99
Case #15: 2 4
Case #16: 23 24 26 28 30 33 34
Case #17: 15 19 22 25 28 33 36 39 41 42
Case #18: 4 5 7
Case #19: 8 11 14 16 18 22 24 27 28 31
Case #20: 11 12 14 17 20 21 22 23
Case #21: 7 15 22 28 33 37 40 41 42 58
Case #22: 1 2 3
Case #23: 1 3
Case #24: 8 12 15 18 22 25
Case #25: 5 8
Case #26: 4 6 8 10 11 13 14
Case #27: 4 5 6 7 8 9 10 11 12 13
Case #28: 5 9
Case #29: 3 5 7
Case #30: 15 34 41 52
Case #31: 6 7 8 9 10 11 12
Case #32: 10 13 14 19
Case #33: 14 22 24 27 31 36 37 45 48
Case #34: 2 22
Case #35: 3 4 5 6
Case #36: 9 16 18 21 22 25 26
Case #37: 22 222
Case #38: 98 106 135 166 220 239 257 281 286 298
Case #39: 6 9 13 16
Case #40: 15 20 22 25 26
Case #41: 2 4 6
Case #42: 10 15 18 21 24
Case #43: 13 17 19 22 28
Case #44: 5 6 7 8
Case #45: 6 7 13 16 19 23 26
Case #46: 4 7 10 11
Case #47: 1 2 3 8
Case #48: 4 7 8 12
Case #49: 6 10 13 17 20
Case #50: 4 8
