Case #1:
**...
....c
Case #2:
*****
*****
.....
....c
Case #3:
Impossible
Case #4:
*****
*****
.....
.....
....c
Case #5:
**..
**..
**..
**..
**.c
Case #6:
*****
**...
.....
.....
....c
Case #7:
*..
*..
*..
*..
*.c
Case #8:
Impossible
Case #9:
Impossible
Case #10:
*.
..
..
..
.c
Case #11:
.....
.....
.....
.....
....c
Case #12:
****.
.....
....c
Case #13:
*****
*****
*....
.....
....c
Case #14:
*..
*..
*..
..c
Case #15:
*.
*.
..
..
.c
Case #16:
Impossible
Case #17:
*..
..c
Case #18:
*****
*****
***..
....c
Case #19:
*.
*.
*.
..
.c
Case #20:
****
**..
...c
Case #21:
**..
**..
**..
*...
*..c
Case #22:
Impossible
Case #23:
Impossible
Case #24:
*****
*****
*****
*....
....c
Case #25:
*
*
*
.
c
Case #26:
*....
.....
.....
....c
Case #27:
*..
*..
*..
*.c
Case #28:
*.
..
..
.c
Case #29:
Impossible
Case #30:
Impossible
Case #31:
Impossible
Case #32:
*....
....c
Case #33:
Impossible
Case #34:
Impossible
Case #35:
Impossible
Case #36:
Impossible
Case #37:
****
....
...c
Case #38:
**..
....
...c
Case #39:
Impossible
Case #40:
Impossible
Case #41:
***.
**..
**..
**..
**.c
Case #42:
*****
*****
***..
.....
....c
Case #43:
*..
*..
*..
*..
..c
Case #44:
*.
..
.c
Case #45:
*
*
.
.
c
Case #46:
Impossible
Case #47:
*..
...
...
..c
Case #48:
*..
...
...
...
..c
Case #49:
Impossible
Case #50:
Impossible
Case #51:
Impossible
Case #52:
Impossible
Case #53:
Impossible
Case #54:
Impossible
Case #55:
Impossible
Case #56:
.
.
.
c
Case #57:
Impossible
Case #58:
Impossible
Case #59:
*****
.....
.....
....c
Case #60:
Impossible
Case #61:
....
....
....
....
...c
Case #62:
Impossible
Case #63:
****
****
*...
...c
Case #64:
*****
***..
....c
Case #65:
.....
.....
....c
Case #66:
Impossible
Case #67:
Impossible
Case #68:
Impossible
Case #69:
Impossible
Case #70:
*....
.....
....c
Case #71:
*...c
Case #72:
Impossible
Case #73:
Impossible
Case #74:
Impossible
Case #75:
Impossible
Case #76:
Impossible
Case #77:
Impossible
Case #78:
*****
***..
.....
....c
Case #79:
**...
.....
.....
....c
Case #80:
*****
****.
.....
....c
Case #81:
****
*...
...c
Case #82:
.....
.....
.....
....c
Case #83:
Impossible
Case #84:
...
...
...
...
..c
Case #85:
*****
****.
.....
.....
....c
Case #86:
Impossible
Case #87:
Impossible
Case #88:
...
..c
Case #89:
.
c
Case #90:
****.
.....
.....
....c
Case #91:
Impossible
Case #92:
*****
***..
.....
.....
....c
Case #93:
****
****
....
...c
Case #94:
.
.
c
Case #95:
Impossible
Case #96:
Impossible
Case #97:
***
*..
..c
Case #98:
Impossible
Case #99:
*...
...c
Case #100:
***.
....
....
...c
Case #101:
.
.
.
.
c
Case #102:
*****
*****
**...
....c
Case #103:
*****
*****
**...
.....
....c
Case #104:
c
Case #105:
Impossible
Case #106:
***..
.....
.....
.....
....c
Case #107:
***.
***.
***.
**..
**.c
Case #108:
Impossible
Case #109:
Impossible
Case #110:
Impossible
Case #111:
..
..
..
.c
Case #112:
**.c
Case #113:
Impossible
Case #114:
Impossible
Case #115:
*...
....
....
....
...c
Case #116:
Impossible
Case #117:
Impossible
Case #118:
**.
...
..c
Case #119:
Impossible
Case #120:
Impossible
Case #121:
**..
*...
*...
*...
*..c
Case #122:
****
*...
....
...c
Case #123:
Impossible
Case #124:
.....
....c
Case #125:
Impossible
Case #126:
****.
.....
.....
.....
....c
Case #127:
...
...
..c
Case #128:
*****
*****
*****
**...
....c
Case #129:
Impossible
Case #130:
Impossible
Case #131:
Impossible
Case #132:
**.
**.
*..
*.c
Case #133:
Impossible
Case #134:
Impossible
Case #135:
..
.c
Case #136:
Impossible
Case #137:
Impossible
Case #138:
*.
*.
..
.c
Case #139:
**..
...c
Case #140:
*****
*....
....c
Case #141:
Impossible
Case #142:
Impossible
Case #143:
*...
*...
....
....
...c
Case #144:
*...
*...
*...
....
...c
Case #145:
*
.
.
c
Case #146:
*..
*..
...
...
..c
Case #147:
Impossible
Case #148:
Impossible
Case #149:
****
....
....
...c
Case #150:
*****
*....
.....
.....
....c
Case #151:
***.
***.
**..
**..
**.c
Case #152:
.c
Case #153:
**...
.....
.....
.....
....c
Case #154:
**.
*..
*..
*..
*.c
Case #155:
....
....
...c
Case #156:
Impossible
Case #157:
*..c
Case #158:
****
****
**..
...c
Case #159:
**..
**..
*...
*...
*..c
Case #160:
*****
.....
....c
Case #161:
Impossible
Case #162:
***
...
..c
Case #163:
Impossible
Case #164:
*...
....
...c
Case #165:
*
.
c
Case #166:
Impossible
Case #167:
**.
**.
*..
*..
*.c
Case #168:
*...
*...
*...
*...
*..c
Case #169:
**..
**..
**..
**..
*..c
Case #170:
*..
*..
*..
...
..c
Case #171:
*****
.....
.....
.....
....c
Case #172:
***.
....
...c
Case #173:
*.c
Case #174:
..
..
..
..
.c
Case #175:
**..
....
....
...c
Case #176:
Impossible
Case #177:
*****
*****
*....
....c
Case #178:
**...
.....
....c
Case #179:
Impossible
Case #180:
*..
*..
...
..c
Case #181:
*
.
.
.
c
Case #182:
*
*
.
c
Case #183:
*...
*...
*...
*...
...c
Case #184:
Impossible
Case #185:
*****
**...
....c
Case #186:
...
...
...
..c
Case #187:
***.c
Case #188:
***..
....c
Case #189:
...c
Case #190:
Impossible
Case #191:
Impossible
Case #192:
*..
...
..c
Case #193:
Impossible
Case #194:
..c
Case #195:
..
..
.c
Case #196:
****
***.
....
...c
Case #197:
*****
*****
*****
***..
....c
Case #198:
Impossible
Case #199:
Impossible
Case #200:
Impossible
Case #201:
Impossible
Case #202:
***..
.....
....c
Case #203:
Impossible
Case #204:
**..c
Case #205:
Impossible
Case #206:
*****
*****
****.
.....
....c
Case #207:
*****
*****
*****
.....
....c
Case #208:
Impossible
Case #209:
****
**..
....
...c
Case #210:
*****
*....
.....
....c
Case #211:
Impossible
Case #212:
....c
Case #213:
***..
.....
.....
....c
Case #214:
Impossible
Case #215:
....
...c
Case #216:
*....
.....
.....
.....
....c
Case #217:
....
....
....
...c
Case #218:
**.
**.
**.
*..
*.c
Case #219:
*...
....
....
...c
Case #220:
Impossible
Case #221:
*****
**...
.....
....c
Case #222:
Impossible
Case #223:
**.
*..
*..
*.c
Case #224:
Impossible
Case #225:
Impossible
