Case #1:
Impossible
Case #2:
Impossible
Case #3:
**.
...
..c
Case #4:
Impossible
Case #5:
***..
**..c
Case #6:
***
***
***
...
..c
Case #7:
****
****
****
**..
...c
Case #8:
****.
.....
.....
.....
....c
Case #9:
Impossible
Case #10:
*****
*****
*****
**...
....c
Case #11:
**
**
*.
..
.c
Case #12:
Impossible
Case #13:
*..
..c
Case #14:
***..
**...
**..c
Case #15:
****
****
....
...c
Case #16:
Impossible
Case #17:
****
*...
....
...c
Case #18:
*....
*....
*....
*...c
Case #19:
****.
***..
***..
***.c
Case #20:
***..
***..
***..
**..c
Case #21:
****
**..
....
....
...c
Case #22:
Impossible
Case #23:
..
.c
Case #24:
****
***.
....
....
...c
Case #25:
**...
*....
*....
*...c
Case #26:
Impossible
Case #27:
*....
....c
Case #28:
Impossible
Case #29:
***
**.
...
...
..c
Case #30:
Impossible
Case #31:
*
.
c
Case #32:
*..
*.c
Case #33:
*****
***..
.....
.....
....c
Case #34:
Impossible
Case #35:
***..
***.c
Case #36:
*****
*****
**...
.....
....c
Case #37:
*****
*****
*****
*....
....c
Case #38:
Impossible
Case #39:
*****
**...
.....
.....
....c
Case #40:
**..
**..
**.c
Case #41:
***
***
*..
...
..c
Case #42:
.....
.....
.....
.....
....c
Case #43:
Impossible
Case #44:
****
****
****
....
...c
Case #45:
*****
.....
.....
.....
....c
Case #46:
*....
*...c
Case #47:
Impossible
Case #48:
**...
**...
**...
**..c
Case #49:
**
**
..
..
.c
Case #50:
Impossible
Case #51:
**..
**..
*..c
Case #52:
*****
*****
.....
.....
....c
Case #53:
*
*
.
c
Case #54:
*...
....
....
....
...c
Case #55:
Impossible
Case #56:
**..
....
....
....
...c
Case #57:
...c
Case #58:
Impossible
Case #59:
****
****
*...
....
...c
Case #60:
***
***
*..
..c
Case #61:
*****
*****
*****
.....
....c
Case #62:
*...
*..c
Case #63:
***
***
***
*..
..c
Case #64:
Impossible
Case #65:
***
**.
...
..c
Case #66:
Impossible
Case #67:
*....
*....
.....
....c
Case #68:
Impossible
Case #69:
**...
*...c
Case #70:
Impossible
Case #71:
*...
*...
...c
Case #72:
Impossible
Case #73:
****
****
***.
....
...c
Case #74:
**
*.
..
..
.c
Case #75:
*..
...
...
..c
Case #76:
.
c
Case #77:
Impossible
Case #78:
*****
*....
.....
.....
....c
Case #79:
***
***
...
..c
Case #80:
Impossible
Case #81:
Impossible
Case #82:
**..c
Case #83:
Impossible
Case #84:
Impossible
Case #85:
*****
*****
***..
.....
....c
Case #86:
...
...
..c
Case #87:
**..
**.c
Case #88:
**...
**...
*....
*...c
Case #89:
*
*
.
.
c
Case #90:
****
***.
....
...c
Case #91:
....
....
....
....
...c
Case #92:
Impossible
Case #93:
****
****
*...
...c
Case #94:
..
..
..
.c
Case #95:
***..
.....
.....
.....
....c
Case #96:
Impossible
Case #97:
**
..
..
..
.c
Case #98:
****
*...
....
....
...c
Case #99:
*...
...c
Case #100:
****
....
....
....
...c
Case #101:
**
..
.c
Case #102:
Impossible
Case #103:
Impossible
Case #104:
Impossible
Case #105:
Impossible
Case #106:
Impossible
Case #107:
....
....
...c
Case #108:
*****
****.
.....
.....
....c
Case #109:
Impossible
Case #110:
.
.
.
c
Case #111:
*
.
.
c
Case #112:
***.
....
....
....
...c
Case #113:
.
.
c
Case #114:
*...
*...
*..c
Case #115:
Impossible
Case #116:
**
..
..
.c
Case #117:
....
....
....
...c
Case #118:
**.
...
...
..c
Case #119:
**.c
Case #120:
...
...
...
...
..c
Case #121:
Impossible
Case #122:
Impossible
Case #123:
Impossible
Case #124:
Impossible
Case #125:
...
..c
Case #126:
Impossible
Case #127:
***.
**..
**.c
Case #128:
*....
.....
.....
....c
Case #129:
...
...
...
..c
Case #130:
**..
*...
*..c
Case #131:
*
.
.
.
c
Case #132:
***.c
Case #133:
*....
*....
*....
....c
Case #134:
c
Case #135:
*****
*****
*....
.....
....c
Case #136:
Impossible
Case #137:
..
..
..
..
.c
Case #138:
*....
*....
*...c
Case #139:
****
****
....
....
...c
Case #140:
***
*..
..c
Case #141:
Impossible
Case #142:
***.
....
....
...c
Case #143:
****
**..
....
...c
Case #144:
***
...
...
..c
Case #145:
****.
****.
***..
***.c
Case #146:
*....
.....
....c
Case #147:
**..
....
....
...c
Case #148:
..
..
.c
Case #149:
**
*.
..
.c
Case #150:
Impossible
Case #151:
***..
***..
***..
***.c
Case #152:
*....
*....
....c
Case #153:
****
....
....
...c
Case #154:
*.
..
..
.c
Case #155:
*.c
Case #156:
Impossible
Case #157:
Impossible
Case #158:
**...
.....
.....
.....
....c
Case #159:
***..
***..
**...
**..c
Case #160:
***..
***..
**..c
Case #161:
*.
..
.c
Case #162:
..c
Case #163:
Impossible
Case #164:
Impossible
Case #165:
*..c
Case #166:
***..
**...
**...
**..c
Case #167:
Impossible
Case #168:
Impossible
Case #169:
Impossible
Case #170:
*...c
Case #171:
**
**
**
..
.c
Case #172:
**...
*....
*...c
Case #173:
****.
***..
***.c
Case #174:
....
...c
Case #175:
Impossible
Case #176:
Impossible
Case #177:
*..
...
...
...
..c
Case #178:
***
...
...
...
..c
Case #179:
**...
**..c
Case #180:
Impossible
Case #181:
****
****
**..
...c
Case #182:
*****
*****
****.
.....
....c
Case #183:
***..
***..
***.c
Case #184:
*...
....
....
...c
Case #185:
Impossible
Case #186:
***
*..
...
...
..c
Case #187:
***
...
..c
Case #188:
Impossible
Case #189:
***
***
**.
...
..c
Case #190:
Impossible
Case #191:
*....
.....
.....
.....
....c
Case #192:
*..
...
..c
Case #193:
****
****
**..
....
...c
Case #194:
Impossible
Case #195:
Impossible
Case #196:
Impossible
Case #197:
****
****
****
*...
...c
Case #198:
.
.
.
.
c
Case #199:
**...
**...
**...
*...c
Case #200:
**
**
..
.c
Case #201:
.....
.....
.....
....c
Case #202:
***
*..
...
..c
Case #203:
***
***
...
...
..c
Case #204:
Impossible
Case #205:
.c
Case #206:
**...
**...
**..c
Case #207:
**.
...
...
...
..c
Case #208:
Impossible
Case #209:
Impossible
Case #210:
Impossible
Case #211:
Impossible
Case #212:
Impossible
Case #213:
**..
*..c
Case #214:
Impossible
Case #215:
....c
Case #216:
*...
....
...c
Case #217:
.....
....c
Case #218:
Impossible
Case #219:
*****
*****
*****
***..
....c
Case #220:
.....
.....
....c
Case #221:
**...
**...
*...c
Case #222:
Impossible
Case #223:
Impossible
Case #224:
*
*
*
.
c
Case #225:
*.
..
..
..
.c
