Case #1: 2
Case #2: 1
Case #3: IMPOSSIBLE
Case #4: 1 2
Case #5: 3 6
Case #6: 28
Case #7: 2103299351335
Case #8: 6
Case #9: IMPOSSIBLE
Case #10: IMPOSSIBLE
Case #11: 2853116706
Case #12: 3 6
Case #13: IMPOSSIBLE
Case #14: IMPOSSIBLE
Case #15: 1 2 3 4 5 6 7 8 9 10 11
Case #16: IMPOSSIBLE
Case #17: IMPOSSIBLE
Case #18: 1
Case #19: IMPOSSIBLE
Case #20: 1 2 3 4 5 6 7 8 9 10 11 12 13 14 15 16 17 18 19 20 21 22 23
Case #21: 123456790
Case #22: 2
Case #23: IMPOSSIBLE
Case #24: 6
Case #25: 22876
Case #26: IMPOSSIBLE
Case #27: 2
Case #28: 1
Case #29: IMPOSSIBLE
Case #30: IMPOSSIBLE
Case #31: 2
Case #32: IMPOSSIBLE
Case #33: 1 2 3
Case #34: IMPOSSIBLE
Case #35: 110 231 352 473 594 715 836 957 1078
Case #36: IMPOSSIBLE
Case #37: IMPOSSIBLE
Case #38: 28
Case #39: IMPOSSIBLE
Case #40: 28
Case #41: 958476963234 5008042132898 9057607302562
Case #42: IMPOSSIBLE
Case #43: IMPOSSIBLE
Case #44: 6
Case #45: 1 2 3 4 5 6 7 8 9 10 11 12 13 14 15 16 17 18 19 20 21 22 23 24 25 26 27 28 29 30 31 32 33 34 35
Case #46: IMPOSSIBLE
Case #47: IMPOSSIBLE
Case #48: IMPOSSIBLE
Case #49: 6
Case #50: IMPOSSIBLE
Case #51: 1
Case #52: IMPOSSIBLE
Case #53: 14276611177170 33959611177170 53642611177170 73325611177170 93008611177170 112691611177170 132374611177170 152057611177170 171740611177170 191423611177170 211106611177170 230789611177170 250472611177170 270155611177170 289838611177170 309521611177170 329204611177170 348887611177170 368570611177170 388253611177170 407936611177170
Case #54: 727170 1537170 2347170 3157170 3967170 4777170 5587170 6397170 7207170 8017170 8827170 9637170 10447170 11257170 12067170 12877170 13687170 14497170 15307170 16117170 16927170 17737170 18547170 19357170 20167170 20977170
Case #55: 1
Case #56: IMPOSSIBLE
Case #57: 1 2 3 4 5 6 7 8 9 10 11 12 13 14 15 16 17 18 19 20 21 22 23 24 25 26 27 28 29 30 31 32 33 34 35 36 37 38 39 40 41 42 43 44 45 46 47 48 49 50 51 52 53 54 55 56 57 58 59 60 61 62 63 64 65 66 67 68 69 70 71 72 73 74 75 76 77 78 79 80 81 82 83 84 85 86 87 88 89 90 91 92 93 94 95 96 97 98 99 100
Case #58: IMPOSSIBLE
Case #59: IMPOSSIBLE
Case #60: IMPOSSIBLE
Case #61: IMPOSSIBLE
Case #62: 6
Case #63: 12 28
Case #64: 689865890 2165654946 3641444002 5117233058 6593022114 8068811170
Case #65: IMPOSSIBLE
Case #66: IMPOSSIBLE
Case #67: IMPOSSIBLE
Case #68: 1
Case #69: 398260782 1010480814 1622700846 2234920878 2847140910 3459360942 4071580974 4683801006 5296021038 5908241070 6520461102
Case #70: IMPOSSIBLE
Case #71: IMPOSSIBLE
Case #72: IMPOSSIBLE
Case #73: 2
Case #74: IMPOSSIBLE
Case #75: 2
Case #76: IMPOSSIBLE
Case #77: 1 2 3 4
Case #78: IMPOSSIBLE
Case #79: 1
Case #80: IMPOSSIBLE
Case #81: IMPOSSIBLE
Case #82: IMPOSSIBLE
Case #83: IMPOSSIBLE
Case #84: IMPOSSIBLE
Case #85: IMPOSSIBLE
Case #86: IMPOSSIBLE
Case #87: IMPOSSIBLE
Case #88: IMPOSSIBLE
Case #89: IMPOSSIBLE
Case #90: 195
Case #91: IMPOSSIBLE
Case #92: IMPOSSIBLE
Case #93: 1
Case #94: IMPOSSIBLE
Case #95: IMPOSSIBLE
Case #96: IMPOSSIBLE
Case #97: 2103299351335
Case #98: IMPOSSIBLE
Case #99: IMPOSSIBLE
Case #100: IMPOSSIBLE
