Case #1: 2
Case #2: 1
Case #3: IMPOSSIBLE
Case #4: 1 2
Case #5: 3 6
Case #6: 28
Case #7: 2103299351335
Case #8: 6
Case #9: IMPOSSIBLE
Case #10: IMPOSSIBLE
Case #11: 2853116706
Case #12: 3 6
Case #13: IMPOSSIBLE
Case #14: IMPOSSIBLE
Case #15: 1 2 3 4 5 6 7 8 9 10 11
Case #16: 5869950 12119950 18369950 24619950 30869950 37119950 43369950 49619950 55869950 62119950 68369950 74619950 80869950 87119950 93369950 99619950 105869950 112119950 118369950 124619950 130869950 137119950 143369950 149619950 155869950 162119950 168369950 174619950 180869950 187119950 193369950 199619950 205869950 212119950 218369950 224619950 230869950 237119950 243369950 249619950 255869950 262119950 268369950 274619950 280869950 287119950
Case #17: 48237408239020 99913510174751 151589612110482 203265714046213 254941815981944 306617917917675 358294019853406 409970121789137 461646223724868 513322325660599 564998427596330 616674529532061 668350631467792 720026733403523 771702835339254 823378937274985 875055039210716 926731141146447 978407243082178 1030083345017909 1081759446953640 1133435548889371 1185111650825102 1236787752760833 1288463854696564 1340139956632295 1391816058568026 1443492160503757 1495168262439488 1546844364375219 1598520466310950 1650196568246681 1701872670182412 1753548772118143 1805224874053874 1856900975989605 1908577077925336 1960253179861067 2011929281796798 2063605383732529 2115281485668260 2166957587603991 2218633689539722 2270309791475453 2321985893411184 2373661995346915 2425338097282646 2477014199218377 2528690301154108 2580366403089839 2632042505025570 2683718606961301 2735394708897032 2787070810832763 2838746912768494 2890423014704225 2942099116639956 2993775218575687 3045451320511418 3097127422447149 3148803524382880 3200479626318611 3252155728254342 3303831830190073 3355507932125804 3407184034061535 3458860135997266 3510536237932997 3562212339868728 3613888441804459 3665564543740190 3717240645675921 3768916747611652 3820592849547383 3872268951483114 3923945053418845 3975621155354576 4027297257290307 4078973359226038 4130649461161769 4182325563097500 4234001665033231 4285677766968962 4337353868904693
Case #18: 1
Case #19: IMPOSSIBLE
Case #20: 1 2 3 4 5 6 7 8 9 10 11 12 13 14 15 16 17 18 19 20 21 22 23
Case #21: 123456790
Case #22: 2
Case #23: 4 8 12
Case #24: 6
Case #25: 22876
Case #26: 63282864064 132002340800 200721817536 269441294272 338160771008 406880247744 475599724480 544319201216 613038677952 681758154688 750477631424 819197108160 887916584896 956636061632 1025355538368 1094075015104 1162794491840 1231513968576 1300233445312 1368952922048 1437672398784 1506391875520 1575111352256 1643830828992 1712550305728 1781269782464 1849989259200 1918708735936 1987428212672 2056147689408 2124867166144 2193586642880 2262306119616 2331025596352 2399745073088 2468464549824 2537184026560 2605903503296 2674622980032 2743342456768 2812061933504 2880781410240 2949500886976 3018220363712 3086939840448 3155659317184 3224378793920 3293098270656 3361817747392 3430537224128 3499256700864 3567976177600 3636695654336 3705415131072 3774134607808 3842854084544 3911573561280 3980293038016
Case #27: 2
Case #28: 1
Case #29: IMPOSSIBLE
Case #30: 558 1287 2016 2745 3474 4203
Case #31: 2
Case #32: IMPOSSIBLE
Case #33: 1 2 3
Case #34: IMPOSSIBLE
Case #35: 110 231 352 473 594 715 836 957 1078
Case #36: 921886 1863078 2804270 3745462 4686654 5627846 6569038 7510230 8451422 9392614 10333806 11274998 12216190 13157382 14098574 15039766 15980958 16922150 17863342 18804534 19745726 20686918 21628110 22569302 23510494 24451686 25392878 26334070 27275262 28216454 29157646 30098838 31040030 31981222 32922414 33863606 34804798 35745990 36687182 37628374 38569566 39510758 40451950 41393142 42334334 43275526 44216718 45157910 46099102 47040294 47981486 48922678 49863870 50805062 51746254 52687446 53628638 54569830 55511022 56452214 57393406 58334598 59275790 60216982 61158174 62099366 63040558 63981750 64922942 65864134 66805326 67746518 68687710 69628902 70570094 71511286 72452478 73393670 74334862 75276054 76217246 77158438 78099630 79040822 79982014 80923206 81864398 82805590 83746782 84687974 85629166 86570358 87511550 88452742 89393934
Case #37: IMPOSSIBLE
Case #38: 28
Case #39: IMPOSSIBLE
Case #40: 28
Case #41: 958476963234 5008042132898 9057607302562
Case #42: 4678114 12207650 19737186 27266722 34796258 42325794 49855330 57384866
Case #43: 9900 19900 29900 39900 49900 59900 69900 79900 89900 99900 109900 119900 129900 139900 149900 159900 169900 179900 189900 199900 209900 219900 229900 239900 249900 259900 269900 279900 289900 299900 309900 319900 329900 339900 349900 359900 369900 379900 389900 399900 409900 419900 429900 439900 449900 459900 469900 479900 489900 499900 509900 519900 529900 539900 549900 559900 569900 579900 589900 599900 609900 619900 629900 639900 649900 659900 669900 679900 689900 699900 709900 719900 729900 739900 749900 759900 769900 779900 789900 799900 809900 819900 829900 839900 849900 859900 869900 879900 889900 899900 909900 919900 929900 939900 949900 959900 969900 979900
Case #44: 6
Case #45: 1 2 3 4 5 6 7 8 9 10 11 12 13 14 15 16 17 18 19 20 21 22 23 24 25 26 27 28 29 30 31 32 33 34 35
Case #46: IMPOSSIBLE
Case #47: 65384160825980 135217890435355 205051620044730 274885349654105 344719079263480 414552808872855 484386538482230 554220268091605 624053997700980 693887727310355 763721456919730 833555186529105 903388916138480 973222645747855 1043056375357230 1112890104966605 1182723834575980 1252557564185355 1322391293794730 1392225023404105 1462058753013480 1531892482622855 1601726212232230 1671559941841605 1741393671450980 1811227401060355 1881061130669730 1950894860279105 2020728589888480 2090562319497855 2160396049107230 2230229778716605 2300063508325980 2369897237935355 2439730967544730 2509564697154105 2579398426763480 2649232156372855 2719065885982230 2788899615591605 2858733345200980 2928567074810355 2998400804419730 3068234534029105 3138068263638480 3207901993247855 3277735722857230 3347569452466605 3417403182075980 3487236911685355 3557070641294730 3626904370904105 3696738100513480 3766571830122855 3836405559732230 3906239289341605 3976073018950980 4045906748560355 4115740478169730 4185574207779105 4255407937388480 4325241666997855 4395075396607230 4464909126216605 4534742855825980 4604576585435355 4674410315044730 4744244044654105 4814077774263480 4883911503872855 4953745233482230 5023578963091605 5093412692700980 5163246422310355 5233080151919730 5302913881529105 5372747611138480 5442581340747855 5512415070357230 5582248799966605 5652082529575980 5721916259185355 5791749988794730 5861583718404105 5931417448013480 6001251177622855 6071084907232230 6140918636841605
Case #48: 928666557 1921103100 2913539643 3905976186 4898412729 5890849272 6883285815 7875722358 8868158901 9860595444 10853031987 11845468530 12837905073 13830341616 14822778159 15815214702 16807651245 17800087788 18792524331 19784960874 20777397417 21769833960 22762270503 23754707046 24747143589 25739580132 26732016675 27724453218 28716889761 29709326304 30701762847 31694199390 32686635933 33679072476 34671509019 35663945562 36656382105 37648818648 38641255191 39633691734 40626128277 41618564820 42611001363 43603437906 44595874449 45588310992 46580747535 47573184078 48565620621 49558057164 50550493707 51542930250 52535366793 53527803336 54520239879 55512676422 56505112965 57497549508
Case #49: 6
Case #50: IMPOSSIBLE
Case #51: 1
Case #52: IMPOSSIBLE
Case #53: 14276611177170 33959611177170 53642611177170 73325611177170 93008611177170 112691611177170 132374611177170 152057611177170 171740611177170 191423611177170 211106611177170 230789611177170 250472611177170 270155611177170 289838611177170 309521611177170 329204611177170 348887611177170 368570611177170 388253611177170 407936611177170
Case #54: 727170 1537170 2347170 3157170 3967170 4777170 5587170 6397170 7207170 8017170 8827170 9637170 10447170 11257170 12067170 12877170 13687170 14497170 15307170 16117170 16927170 17737170 18547170 19357170 20167170 20977170
Case #55: 1
Case #56: IMPOSSIBLE
Case #57: 1 2 3 4 5 6 7 8 9 10 11 12 13 14 15 16 17 18 19 20 21 22 23 24 25 26 27 28 29 30 31 32 33 34 35 36 37 38 39 40 41 42 43 44 45 46 47 48 49 50 51 52 53 54 55 56 57 58 59 60 61 62 63 64 65 66 67 68 69 70 71 72 73 74 75 76 77 78 79 80 81 82 83 84 85 86 87 88 89 90 91 92 93 94 95 96 97 98 99 100
Case #58: 9293949596979900 19293949596979900 29293949596979900 39293949596979900 49293949596979900 59293949596979900 69293949596979900 79293949596979900 89293949596979900 99293949596979900 109293949596979900 119293949596979900 129293949596979900 139293949596979900 149293949596979900 159293949596979900 169293949596979900 179293949596979900 189293949596979900 199293949596979900 209293949596979900 219293949596979900 229293949596979900 239293949596979900 249293949596979900 259293949596979900 269293949596979900 279293949596979900 289293949596979900 299293949596979900 309293949596979900 319293949596979900 329293949596979900 339293949596979900 349293949596979900 359293949596979900 369293949596979900 379293949596979900 389293949596979900 399293949596979900 409293949596979900 419293949596979900 429293949596979900 439293949596979900 449293949596979900 459293949596979900 469293949596979900 479293949596979900 489293949596979900 499293949596979900 509293949596979900 519293949596979900 529293949596979900 539293949596979900 549293949596979900 559293949596979900 569293949596979900 579293949596979900 589293949596979900 599293949596979900 609293949596979900 619293949596979900 629293949596979900 639293949596979900 649293949596979900 659293949596979900 669293949596979900 679293949596979900 689293949596979900 699293949596979900 709293949596979900 719293949596979900 729293949596979900 739293949596979900 749293949596979900 759293949596979900 769293949596979900 779293949596979900 789293949596979900 799293949596979900 809293949596979900 819293949596979900 829293949596979900 839293949596979900 849293949596979900 859293949596979900 869293949596979900 879293949596979900 889293949596979900 899293949596979900 909293949596979900 919293949596979900
Case #59: 347758 705669 1063580 1421491 1779402 2137313 2495224 2853135 3211046 3568957 3926868 4284779 4642690 5000601 5358512 5716423 6074334 6432245 6790156 7148067 7505978 7863889 8221800 8579711 8937622 9295533 9653444 10011355 10369266 10727177 11085088 11442999 11800910 12158821 12516732 12874643 13232554 13590465 13948376 14306287 14664198 15022109 15380020 15737931 16095842 16453753 16811664 17169575 17527486 17885397 18243308 18601219 18959130 19317041 19674952 20032863 20390774 20748685 21106596 21464507 21822418 22180329 22538240 22896151 23254062 23611973 23969884 24327795
Case #60: IMPOSSIBLE
Case #61: IMPOSSIBLE
Case #62: 6
Case #63: 12 28
Case #64: 689865890 2165654946 3641444002 5117233058 6593022114 8068811170
Case #65: IMPOSSIBLE
Case #66: IMPOSSIBLE
Case #67: 87 174 261 348 435 522 609 696 783 870 957 1044 1131 1218 1305 1392 1479 1566 1653 1740 1827 1914 2001 2088 2175 2262 2349 2436 2523 2610 2697 2784 2871 2958 3045 3132 3219 3306 3393 3480 3567 3654 3741 3828 3915 4002 4089 4176 4263 4350 4437 4524 4611 4698 4785 4872 4959 5046 5133 5220 5307 5394 5481 5568 5655 5742 5829 5916 6003 6090 6177 6264 6351 6438 6525 6612 6699 6786 6873 6960 7047 7134 7221 7308 7395 7482
Case #68: 1
Case #69: 398260782 1010480814 1622700846 2234920878 2847140910 3459360942 4071580974 4683801006 5296021038 5908241070 6520461102
Case #70: IMPOSSIBLE
Case #71: IMPOSSIBLE
Case #72: 330186493644 681484525260 1032782556876 1384080588492 1735378620108 2086676651724 2437974683340 2789272714956 3140570746572 3491868778188 3843166809804 4194464841420 4545762873036 4897060904652 5248358936268 5599656967884 5950954999500 6302253031116 6653551062732 7004849094348 7356147125964 7707445157580 8058743189196 8410041220812 8761339252428 9112637284044 9463935315660 9815233347276 10166531378892 10517829410508 10869127442124 11220425473740 11571723505356 11923021536972 12274319568588 12625617600204 12976915631820 13328213663436 13679511695052 14030809726668 14382107758284 14733405789900 15084703821516 15436001853132 15787299884748 16138597916364 16489895947980 16841193979596 17192492011212 17543790042828 17895088074444 18246386106060 18597684137676 18948982169292 19300280200908 19651578232524 20002876264140 20354174295756 20705472327372 21056770358988 21408068390604 21759366422220 22110664453836 22461962485452 22813260517068 23164558548684 23515856580300 23867154611916 24218452643532 24569750675148 24921048706764 25272346738380 25623644769996 25974942801612 26326240833228 26677538864844 27028836896460 27380134928076
Case #73: 2
Case #74: 6790 16790 26790 36790 46790 56790
Case #75: 2
Case #76: IMPOSSIBLE
Case #77: 1 2 3 4
Case #78: IMPOSSIBLE
Case #79: 1
Case #80: IMPOSSIBLE
Case #81: IMPOSSIBLE
Case #82: IMPOSSIBLE
Case #83: IMPOSSIBLE
Case #84: 52720 118256 183792 249328 314864 380400 445936 511472 577008 642544 708080 773616
Case #85: IMPOSSIBLE
Case #86: 979900 1979900 2979900 3979900 4979900 5979900 6979900 7979900 8979900 9979900 10979900 11979900 12979900 13979900 14979900 15979900 16979900 17979900 18979900 19979900 20979900 21979900 22979900 23979900 24979900 25979900 26979900 27979900 28979900 29979900 30979900 31979900 32979900 33979900 34979900 35979900 36979900 37979900 38979900 39979900 40979900 41979900 42979900 43979900 44979900 45979900 46979900 47979900 48979900 49979900 50979900 51979900 52979900 53979900 54979900 55979900 56979900 57979900 58979900 59979900 60979900 61979900 62979900 63979900 64979900 65979900 66979900 67979900 68979900 69979900 70979900 71979900 72979900 73979900 74979900 75979900 76979900 77979900 78979900 79979900 80979900 81979900 82979900 83979900 84979900 85979900 86979900 87979900 88979900 89979900 90979900 91979900 92979900 93979900 94979900 95979900 96979900
Case #87: 33 66 99 132 165 198 231 264 297 330 363 396 429 462 495 528 561 594 627 660 693 726 759 792 825 858 891 924 957 990 1023 1056
Case #88: 2030729928928890 4789277282444515 7547824635960140 10306371989475765 13064919342991390 15823466696507015 18582014050022640 21340561403538265 24099108757053890 26857656110569515 29616203464085140 32374750817600765 35133298171116390 37891845524632015 40650392878147640 43408940231663265 46167487585178890 48926034938694515 51684582292210140 54443129645725765 57201676999241390 59960224352757015 62718771706272640 65477319059788265 68235866413303890
Case #89: 100 200 300 400 500 600 700 800 900 1000 1100 1200 1300 1400 1500 1600 1700 1800 1900 2000 2100 2200 2300 2400 2500 2600 2700 2800 2900 3000 3100 3200 3300 3400 3500 3600 3700 3800 3900 4000 4100 4200 4300 4400 4500 4600 4700 4800 4900 5000 5100 5200 5300 5400 5500 5600 5700 5800 5900 6000 6100 6200 6300 6400 6500 6600 6700 6800 6900 7000 7100 7200 7300 7400 7500 7600 7700 7800 7900 8000 8100 8200 8300 8400 8500 8600 8700 8800 8900 9000 9100 9200 9300 9400 9500 9600 9700 9800 9900
Case #90: 195
Case #91: IMPOSSIBLE
Case #92: IMPOSSIBLE
Case #93: 1
Case #94: IMPOSSIBLE
Case #95: 233233872 488037840 742841808 997645776 1252449744 1507253712 1762057680 2016861648 2271665616 2526469584 2781273552 3036077520 3290881488 3545685456 3800489424 4055293392 4310097360 4564901328 4819705296 5074509264 5329313232 5584117200 5838921168 6093725136 6348529104 6603333072 6858137040 7112941008 7367744976 7622548944 7877352912 8132156880 8386960848 8641764816 8896568784 9151372752 9406176720 9660980688 9915784656 10170588624 10425392592 10680196560 10935000528
Case #96: IMPOSSIBLE
Case #97: 2103299351335
Case #98: 32033620 65395796 98757972 132120148 165482324 198844500 232206676 265568852 298931028 332293204 365655380 399017556 432379732 465741908 499104084 532466260 565828436 599190612 632552788 665914964 699277140 732639316 766001492 799363668 832725844 866088020 899450196 932812372 966174548 999536724 1032898900 1066261076 1099623252 1132985428 1166347604 1199709780 1233071956 1266434132 1299796308 1333158484 1366520660 1399882836 1433245012 1466607188 1499969364 1533331540 1566693716 1600055892 1633418068 1666780244 1700142420 1733504596 1766866772 1800228948 1833591124 1866953300 1900315476 1933677652 1967039828 2000402004 2033764180 2067126356 2100488532 2133850708 2167212884 2200575060 2233937236 2267299412 2300661588 2334023764 2367385940 2400748116
Case #99: 19382106611120 40353626611120 61325146611120 82296666611120 103268186611120 124239706611120 145211226611120 166182746611120 187154266611120 208125786611120 229097306611120 250068826611120 271040346611120 292011866611120 312983386611120 333954906611120 354926426611120 375897946611120 396869466611120 417840986611120 438812506611120 459784026611120 480755546611120 501727066611120 522698586611120 543670106611120 564641626611120 585613146611120 606584666611120 627556186611120 648527706611120 669499226611120 690470746611120 711442266611120 732413786611120 753385306611120 774356826611120 795328346611120 816299866611120 837271386611120 858242906611120 879214426611120 900185946611120 921157466611120 942128986611120 963100506611120 984072026611120 1005043546611120 1026015066611120 1046986586611120 1067958106611120 1088929626611120 1109901146611120 1130872666611120 1151844186611120 1172815706611120 1193787226611120 1214758746611120 1235730266611120 1256701786611120 1277673306611120 1298644826611120 1319616346611120 1340587866611120 1361559386611120 1382530906611120 1403502426611120 1424473946611120 1445445466611120 1466416986611120 1487388506611120 1508360026611120 1529331546611120
Case #100: IMPOSSIBLE
