Case #1: 2
Case #2: 1
Case #3: 1 2
Case #4: 3 6
Case #5: 1070439 2490296 3910153 5330010 6749867 8169724 9589581 11009438 12429295 13849152 15269009 16688866
Case #6: 1560 3160 4760 6360 7960 9560 11160 12760 14360 15960 17560 19160 20760 22360 23960 25560 27160 28760 30360 31960 33560 35160 36760 38360 39960 41560 43160 44760 46360 47960 49560 51160 52760 54360 55960 57560 59160 60760
Case #7: 74 148 222 296 370 444 518 592 666 740 814 888 962 1036 1110 1184 1258 1332 1406 1480 1554 1628 1702 1776 1850 1924 1998 2072 2146 2220 2294 2368 2442 2516 2590 2664 2738 2812 2886 2960 3034 3108 3182 3256 3330 3404 3478 3552 3626 3700 3774 3848 3922 3996 4070 4144 4218 4292 4366 4440 4514 4588 4662 4736 4810 4884 4958 5032 5106 5180 5254 5328 5402
Case #8: 2
Case #9: 2
Case #10: 12985835710314 47257732017947 81529628325580 115801524633213 150073420940846 184345317248479
Case #11: 1
Case #12: 2103299351335
Case #13: 979900 1979900 2979900 3979900 4979900 5979900 6979900 7979900 8979900 9979900 10979900 11979900 12979900 13979900 14979900 15979900 16979900 17979900 18979900 19979900 20979900 21979900 22979900 23979900 24979900 25979900 26979900 27979900 28979900 29979900 30979900 31979900 32979900 33979900 34979900 35979900 36979900 37979900 38979900 39979900 40979900 41979900 42979900 43979900 44979900 45979900 46979900 47979900 48979900 49979900 50979900 51979900 52979900 53979900 54979900 55979900 56979900 57979900 58979900 59979900 60979900 61979900 62979900 63979900 64979900 65979900 66979900 67979900 68979900 69979900 70979900 71979900 72979900 73979900 74979900 75979900 76979900 77979900 78979900 79979900 80979900 81979900 82979900 83979900 84979900 85979900 86979900 87979900 88979900 89979900 90979900 91979900 92979900 93979900 94979900 95979900 96979900
Case #14: 9057607302562 65751519677858
Case #15: 28
Case #16: 2
Case #17: 28
Case #18: 2
Case #19: 1 2 3 4
Case #20: 1
Case #21: 1 2 3 4 5 6 7 8 9 10 11 12 13 14 15 16 17 18 19 20 21 22 23 24 25 26 27 28 29 30 31 32 33 34 35 36 37 38 39 40 41 42 43 44 45 46 47 48 49 50 51 52 53 54 55
Case #22: 6
Case #23: 4678114 12207650 19737186 27266722 34796258 42325794 49855330 57384866
Case #24: 6162 12403 18644 24885 31126 37367 43608 49849 56090 62331 68572 74813 81054 87295 93536 99777 106018 112259 118500 124741 130982 137223 143464 149705 155946 162187 168428 174669 180910 187151 193392 199633 205874 212115 218356 224597 230838 237079 243320 249561 255802 262043 268284 274525 280766 287007 293248 299489 305730 311971 318212 324453 330694 336935 343176 349417 355658 361899 368140 374381 380622 386863 393104 399345 405586 411827 418068 424309 430550 436791 443032 449273 455514 461755 467996 474237 480478
Case #25: 1
Case #26: 8426275906 17900572802 27374869698 36849166594 46323463490 55797760386 65272057282 74746354178 84220651074 93694947970 103169244866 112643541762 122117838658 131592135554 141066432450 150540729346 160015026242 169489323138 178963620034 188437916930 197912213826 207386510722 216860807618 226335104514 235809401410 245283698306 254757995202 264232292098 273706588994 283180885890 292655182786 302129479682 311603776578 321078073474 330552370370 340026667266 349500964162 358975261058 368449557954 377923854850
Case #27: 6140918636841605 12775122949732230 19409327262622855 26043531575513480 32677735888404105 39311940201294730 45946144514185355 52580348827075980 59214553139966605 65848757452857230 72482961765747855 79117166078638480 85751370391529105 92385574704419730 99019779017310355 105653983330200980 112288187643091605 118922391955982230 125556596268872855 132190800581763480 138825004894654105 145459209207544730 152093413520435355 158727617833325980 165361822146216605 171996026459107230 178630230771997855 185264435084888480 191898639397779105 198532843710669730 205167048023560355 211801252336450980 218435456649341605 225069660962232230 231703865275122855 238338069588013480 244972273900904105 251606478213794730 258240682526685355 264874886839575980 271509091152466605 278143295465357230 284777499778247855 291411704091138480 298045908404029105 304680112716919730 311314317029810355 317948521342700980 324582725655591605 331216929968482230 337851134281372855 344485338594263480 351119542907154105 357753747220044730 364387951532935355 371022155845825980 377656360158716605 384290564471607230 390924768784497855 397558973097388480 404193177410279105 410827381723169730 417461586036060355 424095790348950980 430729994661841605 437364198974732230 443998403287622855 450632607600513480 457266811913404105 463901016226294730 470535220539185355 477169424852075980 483803629164966605 490437833477857230 497072037790747855 503706242103638480 510340446416529105 516974650729419730 523608855042310355 530243059355200980 536877263668091605 543511467980982230 550145672293872855 556779876606763480 563414080919654105 570048285232544730 576682489545435355
Case #28: 1
Case #29: 1 2 3 4 5 6 7 8 9 10 11 12 13 14 15 16 17 18 19 20 21 22 23 24 25 26 27 28 29 30 31 32 33 34 35 36 37 38 39 40 41 42 43 44 45 46 47 48 49 50 51 52 53 54 55 56 57 58 59 60 61 62 63 64 65 66 67 68 69 70 71 72 73 74 75 76 77 78 79 80 81 82 83 84 85 86 87 88 89 90 91 92 93 94 95
Case #30: 1
Case #31: 2
Case #32: 23085787519726 48014334576494 72942881633262 97871428690030 122799975746798 147728522803566 172657069860334 197585616917102 222514163973870 247442711030638 272371258087406 297299805144174 322228352200942 347156899257710 372085446314478 397013993371246 421942540428014 446871087484782 471799634541550 496728181598318 521656728655086 546585275711854 571513822768622 596442369825390 621370916882158 646299463938926 671228010995694 696156558052462 721085105109230 746013652165998 770942199222766 795870746279534 820799293336302 845727840393070 870656387449838 895584934506606 920513481563374 945442028620142 970370575676910 995299122733678 1020227669790446 1045156216847214 1070084763903982 1095013310960750 1119941858017518 1144870405074286 1169798952131054 1194727499187822 1219656046244590 1244584593301358 1269513140358126 1294441687414894 1319370234471662 1344298781528430 1369227328585198 1394155875641966 1419084422698734 1444012969755502 1468941516812270 1493870063869038 1518798610925806 1543727157982574 1568655705039342 1593584252096110 1618512799152878 1643441346209646 1668369893266414 1693298440323182 1718226987379950 1743155534436718 1768084081493486 1793012628550254 1817941175607022 1842869722663790 1867798269720558
Case #33: 1 2 3 4 5 6 7 8 9 10 11 12 13
Case #34: 1 2 3
Case #35: 8 16 24 32 40 48 56
Case #36: 8556 17205 25854 34503 43152 51801 60450 69099 77748 86397 95046 103695 112344 120993 129642 138291 146940 155589 164238 172887 181536 190185 198834 207483 216132 224781 233430 242079 250728 259377 268026 276675 285324 293973 302622 311271 319920 328569 337218 345867 354516 363165 371814 380463 389112 397761 406410 415059 423708 432357 441006 449655 458304 466953 475602 484251 492900 501549 510198 518847 527496 536145 544794 553443 562092 570741 579390 588039 596688 605337 613986 622635 631284 639933 648582 657231 665880 674529 683178 691827 700476 709125 717774 726423 735072 743721 752370 761019 769668 778317 786966
Case #37: 9120 18336 27552 36768 45984 55200 64416 73632 82848 92064 101280 110496 119712 128928 138144 147360 156576 165792 175008 184224 193440 202656 211872 221088 230304 239520 248736 257952 267168 276384 285600 294816 304032 313248 322464 331680 340896 350112 359328 368544 377760 386976 396192 405408 414624 423840 433056 442272 451488 460704 469920 479136 488352 497568 506784 516000 525216 534432 543648 552864 562080 571296 580512 589728 598944 608160 617376 626592 635808 645024 654240 663456 672672 681888 691104 700320 709536 718752 727968 737184 746400 755616 764832 774048 783264 792480 801696 810912 820128 829344 838560 847776 856992 866208
Case #38: 342392
Case #39: 1976244370342 4184228537894 6392212705446 8600196872998 10808181040550 13016165208102 15224149375654 17432133543206 19640117710758 21848101878310 24056086045862 26264070213414 28472054380966 30680038548518 32888022716070 35096006883622 37303991051174 39511975218726 41719959386278 43927943553830 46135927721382 48343911888934 50551896056486 52759880224038 54967864391590 57175848559142 59383832726694 61591816894246 63799801061798 66007785229350 68215769396902 70423753564454 72631737732006 74839721899558 77047706067110 79255690234662 81463674402214 83671658569766 85879642737318 88087626904870 90295611072422 92503595239974 94711579407526 96919563575078 99127547742630 101335531910182 103543516077734 105751500245286 107959484412838 110167468580390 112375452747942
Case #40: 1
Case #41: 58 116 174 232 290 348 406 464 522 580 638 696 754 812 870 928 986 1044 1102 1160 1218 1276 1334 1392 1450 1508 1566 1624 1682 1740 1798 1856 1914 1972 2030 2088 2146 2204 2262 2320 2378 2436 2494 2552 2610 2668 2726 2784 2842 2900 2958 3016 3074 3132 3190 3248 3306
Case #42: 9293949596979900 19293949596979900 29293949596979900 39293949596979900 49293949596979900 59293949596979900 69293949596979900 79293949596979900 89293949596979900 99293949596979900 109293949596979900 119293949596979900 129293949596979900 139293949596979900 149293949596979900 159293949596979900 169293949596979900 179293949596979900 189293949596979900 199293949596979900 209293949596979900 219293949596979900 229293949596979900 239293949596979900 249293949596979900 259293949596979900 269293949596979900 279293949596979900 289293949596979900 299293949596979900 309293949596979900 319293949596979900 329293949596979900 339293949596979900 349293949596979900 359293949596979900 369293949596979900 379293949596979900 389293949596979900 399293949596979900 409293949596979900 419293949596979900 429293949596979900 439293949596979900 449293949596979900 459293949596979900 469293949596979900 479293949596979900 489293949596979900 499293949596979900 509293949596979900 519293949596979900 529293949596979900 539293949596979900 549293949596979900 559293949596979900 569293949596979900 579293949596979900 589293949596979900 599293949596979900 609293949596979900 619293949596979900 629293949596979900 639293949596979900 649293949596979900 659293949596979900 669293949596979900 679293949596979900 689293949596979900 699293949596979900 709293949596979900 719293949596979900 729293949596979900 739293949596979900 749293949596979900 759293949596979900 769293949596979900 779293949596979900 789293949596979900 799293949596979900 809293949596979900 819293949596979900 829293949596979900 839293949596979900 849293949596979900 859293949596979900 869293949596979900 879293949596979900 889293949596979900 899293949596979900 909293949596979900 919293949596979900
Case #43: 1866
Case #44: 558905919 1160597976 1762290033 2363982090 2965674147 3567366204 4169058261 4770750318 5372442375 5974134432 6575826489 7177518546 7779210603 8380902660 8982594717 9584286774 10185978831 10787670888 11389362945 11991055002 12592747059 13194439116 13796131173 14397823230 14999515287 15601207344 16202899401 16804591458 17406283515 18007975572 18609667629 19211359686 19813051743 20414743800 21016435857 21618127914 22219819971 22821512028 23423204085 24024896142 24626588199 25228280256 25829972313 26431664370 27033356427 27635048484 28236740541 28838432598 29440124655 30041816712 30643508769 31245200826
Case #45: 73686780564
Case #46: 6196453212621870 27019418078293038 47842382943964206 68665347809635374 89488312675306542
Case #47: 123456790
Case #48: 893543477904 1835023627305 2776503776706 3717983926107 4659464075508 5600944224909 6542424374310 7483904523711 8425384673112 9366864822513 10308344971914 11249825121315 12191305270716 13132785420117 14074265569518 15015745718919 15957225868320 16898706017721 17840186167122 18781666316523 19723146465924 20664626615325 21606106764726 22547586914127 23489067063528 24430547212929 25372027362330 26313507511731 27254987661132 28196467810533 29137947959934 30079428109335 31020908258736 31962388408137 32903868557538 33845348706939 34786828856340 35728309005741 36669789155142 37611269304543 38552749453944 39494229603345 40435709752746 41377189902147 42318670051548 43260150200949 44201630350350 45143110499751 46084590649152 47026070798553 47967550947954 48909031097355 49850511246756 50791991396157 51733471545558 52674951694959 53616431844360 54557911993761 55499392143162 56440872292563 57382352441964 58323832591365 59265312740766 60206792890167 61148273039568 62089753188969 63031233338370 63972713487771 64914193637172 65855673786573 66797153935974 67738634085375 68680114234776 69621594384177 70563074533578 71504554682979 72446034832380 73387514981781 74328995131182 75270475280583 76211955429984 77153435579385 78094915728786 79036395878187 79977876027588 80919356176989 81860836326390 82802316475791 83743796625192 84685276774593 85626756923994 86568237073395 87509717222796
Case #49: 1
Case #50: 1 2 3 4 5 6 7 8 9 10 11 12 13 14 15 16 17 18 19 20 21 22 23 24 25 26 27 28 29 30 31 32 33 34 35 36 37 38 39 40 41 42 43 44 45 46 47 48 49 50 51 52 53 54 55 56 57 58 59 60 61 62 63 64 65
Case #51: 45 90 135 180 225 270 315 360 405 450 495 540 585 630 675 720 765 810 855 900 945 990 1035 1080 1125 1170 1215 1260 1305 1350 1395 1440 1485 1530 1575 1620 1665 1710 1755 1800 1845 1890 1935 1980
Case #52: 1
Case #53: 46142672261868 99602400793324 153062129324780 206521857856236 259981586387692 313441314919148 366901043450604 420360771982060 473820500513516 527280229044972 580739957576428 634199686107884 687659414639340 741119143170796 794578871702252 848038600233708 901498328765164 954958057296620 1008417785828076 1061877514359532 1115337242890988 1168796971422444 1222256699953900 1275716428485356 1329176157016812 1382635885548268 1436095614079724 1489555342611180 1543015071142636 1596474799674092 1649934528205548 1703394256737004 1756853985268460 1810313713799916 1863773442331372 1917233170862828 1970692899394284 2024152627925740 2077612356457196 2131072084988652 2184531813520108 2237991542051564 2291451270583020 2344910999114476
Case #54: 32033620 65395796 98757972 132120148 165482324 198844500 232206676 265568852 298931028 332293204 365655380 399017556 432379732 465741908 499104084 532466260 565828436 599190612 632552788 665914964 699277140 732639316 766001492 799363668 832725844 866088020 899450196 932812372 966174548 999536724 1032898900 1066261076 1099623252 1132985428 1166347604 1199709780 1233071956 1266434132 1299796308 1333158484 1366520660 1399882836 1433245012 1466607188 1499969364 1533331540 1566693716 1600055892 1633418068 1666780244 1700142420 1733504596 1766866772 1800228948 1833591124 1866953300 1900315476 1933677652 1967039828 2000402004 2033764180 2067126356 2100488532 2133850708 2167212884 2200575060 2233937236 2267299412 2300661588 2334023764 2367385940 2400748116
Case #55: 1 2 3 4 5 6 7 8 9 10 11 12 13 14 15 16 17 18 19 20 21 22 23 24 25 26 27 28 29 30 31 32 33 34 35 36 37 38 39 40 41 42 43 44 45 46 47 48 49 50 51 52 53 54 55 56 57 58 59 60 61 62 63 64 65 66 67 68 69 70 71 72 73 74 75 76 77 78 79 80 81 82 83 84 85 86 87 88 89 90 91 92 93 94 95 96 97 98 99 100
Case #56: 6790 16790 26790 36790 46790 56790
Case #57: 33726 69663 105600 141537 177474 213411 249348 285285 321222 357159 393096 429033 464970 500907 536844 572781 608718 644655 680592 716529 752466 788403 824340 860277 896214 932151 968088 1004025 1039962 1075899
Case #58: 109003 239324 369645 499966 630287 760608 890929 1021250 1151571 1281892 1412213 1542534 1672855 1803176 1933497
Case #59: 1 2 3 4 5 6 7 8 9 10 11 12 13 14 15 16 17 18 19 20 21 22 23 24 25 26 27 28 29 30 31 32 33 34 35 36 37 38 39 40 41 42 43 44 45 46 47 48 49
Case #60: 2718988031752956 6375146471815932 10031304911878908 13687463351941884 17343621792004860 20999780232067836 24655938672130812 28312097112193788 31968255552256764 35624413992319740 39280572432382716 42936730872445692 46592889312508668 50249047752571644 53905206192634620 57561364632697596 61217523072760572 64873681512823548 68529839952886524 72185998392949500 75842156833012476 79498315273075452 83154473713138428 86810632153201404 90466790593264380 94122949033327356
Case #61: 100 200 300 400 500 600 700 800 900 1000 1100 1200 1300 1400 1500 1600 1700 1800 1900 2000 2100 2200 2300 2400 2500 2600 2700 2800 2900 3000 3100 3200 3300 3400 3500 3600 3700 3800 3900 4000 4100 4200 4300 4400 4500 4600 4700 4800 4900 5000 5100 5200 5300 5400 5500 5600 5700 5800 5900 6000 6100 6200 6300 6400 6500 6600 6700 6800 6900 7000 7100 7200 7300 7400 7500 7600 7700 7800 7900 8000 8100 8200 8300 8400 8500 8600 8700 8800 8900 9000 9100 9200 9300 9400 9500 9600 9700 9800 9900
Case #62: 4 8 12
Case #63: 610498662 1266855430 1923212198 2579568966 3235925734 3892282502 4548639270 5204996038 5861352806 6517709574 7174066342 7830423110 8486779878 9143136646 9799493414 10455850182 11112206950 11768563718 12424920486 13081277254 13737634022 14393990790 15050347558 15706704326 16363061094 17019417862 17675774630 18332131398 18988488166 19644844934 20301201702 20957558470 21613915238 22270272006 22926628774 23582985542 24239342310 24895699078 25552055846 26208412614 26864769382 27521126150 28177482918 28833839686 29490196454 30146553222 30802909990 31459266758 32115623526 32771980294 33428337062 34084693830 34741050598
Case #64: 39 78 117 156 195 234 273 312 351 390 429 468 507 546 585 624 663 702 741 780 819 858 897 936 975 1014 1053 1092 1131 1170 1209 1248 1287 1326 1365 1404 1443 1482
Case #65: 1
Case #66: 98505660 269365035 440224410 611083785 781943160 952802535 1123661910 1294521285
Case #67: 1267 3668 6069
Case #68: 17729841679036 36933750665195 56137659651354 75341568637513 94545477623672 113749386609831 132953295595990 152157204582149 171361113568308 190565022554467 209768931540626 228972840526785 248176749512944 267380658499103 286584567485262 305788476471421 324992385457580 344196294443739 363400203429898 382604112416057 401808021402216 421011930388375 440215839374534 459419748360693 478623657346852 497827566333011 517031475319170 536235384305329 555439293291488 574643202277647 593847111263806 613051020249965 632254929236124 651458838222283 670662747208442 689866656194601 709070565180760 728274474166919 747478383153078 766682292139237 785886201125396 805090110111555 824294019097714 843497928083873 862701837070032 881905746056191 901109655042350 920313564028509 939517473014668 958721382000827 977925290986986 997129199973145 1016333108959304 1035537017945463 1054740926931622 1073944835917781 1093148744903940 1112352653890099 1131556562876258 1150760471862417 1169964380848576 1189168289834735 1208372198820894 1227576107807053 1246780016793212 1265983925779371 1285187834765530 1304391743751689 1323595652737848 1342799561724007 1362003470710166 1381207379696325
Case #69: 35098570085916 72824049573699 110549529061482 148275008549265 186000488037048 223725967524831 261451447012614 299176926500397 336902405988180 374627885475963 412353364963746 450078844451529 487804323939312 525529803427095 563255282914878 600980762402661 638706241890444 676431721378227 714157200866010 751882680353793 789608159841576 827333639329359 865059118817142 902784598304925 940510077792708 978235557280491 1015961036768274 1053686516256057 1091411995743840 1129137475231623 1166862954719406 1204588434207189 1242313913694972 1280039393182755 1317764872670538 1355490352158321 1393215831646104 1430941311133887 1468666790621670 1506392270109453 1544117749597236 1581843229085019 1619568708572802 1657294188060585 1695019667548368 1732745147036151 1770470626523934 1808196106011717 1845921585499500 1883647064987283 1921372544475066 1959098023962849 1996823503450632 2034548982938415 2072274462426198 2109999941913981 2147725421401764 2185450900889547 2223176380377330 2260901859865113 2298627339352896 2336352818840679 2374078298328462 2411803777816245 2449529257304028 2487254736791811 2524980216279594 2562705695767377 2600431175255160 2638156654742943 2675882134230726 2713607613718509 2751333093206292 2789058572694075 2826784052181858 2864509531669641 2902235011157424 2939960490645207 2977685970132990 3015411449620773
Case #70: 28
Case #71: 1
Case #72: 19382106611120 40353626611120 61325146611120 82296666611120 103268186611120 124239706611120 145211226611120 166182746611120 187154266611120 208125786611120 229097306611120 250068826611120 271040346611120 292011866611120 312983386611120 333954906611120 354926426611120 375897946611120 396869466611120 417840986611120 438812506611120 459784026611120 480755546611120 501727066611120 522698586611120 543670106611120 564641626611120 585613146611120 606584666611120 627556186611120 648527706611120 669499226611120 690470746611120 711442266611120 732413786611120 753385306611120 774356826611120 795328346611120 816299866611120 837271386611120 858242906611120 879214426611120 900185946611120 921157466611120 942128986611120 963100506611120 984072026611120 1005043546611120 1026015066611120 1046986586611120 1067958106611120 1088929626611120 1109901146611120 1130872666611120 1151844186611120 1172815706611120 1193787226611120 1214758746611120 1235730266611120 1256701786611120 1277673306611120 1298644826611120 1319616346611120 1340587866611120 1361559386611120 1382530906611120 1403502426611120 1424473946611120 1445445466611120 1466416986611120 1487388506611120 1508360026611120 1529331546611120
Case #73: 6
Case #74: 1
Case #75: 76782213480 186857527656 296932841832 407008156008 517083470184 627158784360 737234098536 847309412712 957384726888 1067460041064 1177535355240 1287610669416 1397685983592 1507761297768 1617836611944 1727911926120
Case #76: 1 2 3 4 5 6 7 8 9 10 11 12 13 14 15 16 17 18 19 20 21 22 23 24 25 26 27 28 29 30
Case #77: 4369819195365 9721828455846 15073837716327 20425846976808 25777856237289 31129865497770 36481874758251 41833884018732 47185893279213 52537902539694 57889911800175 63241921060656 68593930321137 73945939581618 79297948842099 84649958102580 90001967363061 95353976623542 100705985884023 106057995144504 111410004404985 116762013665466 122114022925947 127466032186428 132818041446909 138170050707390 143522059967871 148874069228352 154226078488833 159578087749314 164930097009795
Case #78: 1 2 3 4 5 6 7 8 9 10 11 12 13 14 15 16 17 18 19 20 21 22 23 24 25 26 27 28 29 30 31 32 33 34 35 36
Case #79: 6
Case #80: 12 28
Case #81: 2
Case #82: 480478 973517 1466556 1959595 2452634 2945673 3438712 3931751 4424790 4917829 5410868 5903907 6396946 6889985 7383024 7876063 8369102 8862141 9355180 9848219 10341258 10834297 11327336 11820375 12313414 12806453 13299492 13792531 14285570 14778609 15271648 15764687 16257726 16750765 17243804 17736843 18229882 18722921 19215960 19708999 20202038 20695077 21188116 21681155 22174194 22667233 23160272 23653311 24146350 24639389 25132428 25625467 26118506 26611545 27104584 27597623 28090662 28583701 29076740 29569779 30062818 30555857 31048896 31541935 32034974 32528013 33021052 33514091 34007130 34500169 34993208 35486247 35979286 36472325 36965364 37458403
Case #83: 1
Case #84: 321352219229118 681392825498814 1041433431768510 1401474038038206 1761514644307902 2121555250577598 2481595856847294 2841636463116990 3201677069386686 3561717675656382 3921758281926078 4281798888195774 4641839494465470 5001880100735166 5361920707004862 5721961313274558 6082001919544254 6442042525813950 6802083132083646 7162123738353342 7522164344623038 7882204950892734 8242245557162430 8602286163432126 8962326769701822 9322367375971518 9682407982241214 10042448588510910 10402489194780606 10762529801050302 11122570407319998 11482611013589694 11842651619859390 12202692226129086 12562732832398782 12922773438668478 13282814044938174 13642854651207870 14002895257477566 14362935863747262 14722976470016958 15083017076286654 15443057682556350 15803098288826046 16163138895095742 16523179501365438 16883220107635134 17243260713904830 17603301320174526 17963341926444222 18323382532713918 18683423138983614 19043463745253310 19403504351523006 19763544957792702 20123585564062398 20483626170332094 20843666776601790
Case #85: 7989740 27476911 46964082 66451253
Case #86: 350530284 730734316 1110938348 1491142380 1871346412 2251550444 2631754476 3011958508 3392162540 3772366572 4152570604 4532774636 4912978668 5293182700 5673386732 6053590764 6433794796 6813998828 7194202860 7574406892 7954610924 8334814956 8715018988 9095223020 9475427052 9855631084 10235835116 10616039148 10996243180 11376447212 11756651244 12136855276 12517059308 12897263340 13277467372 13657671404 14037875436 14418079468 14798283500 15178487532 15558691564 15938895596 16319099628 16699303660 17079507692 17459711724 17839915756
Case #87: 1
Case #88: 2309737968 6604705264 10899672560 15194639856 19489607152 23784574448 28079541744 32374509040
Case #89: 2
Case #90: 1
Case #91: 665896 1347368 2028840 2710312 3391784 4073256 4754728 5436200 6117672 6799144 7480616 8162088 8843560 9525032 10206504 10887976 11569448 12250920 12932392 13613864 14295336 14976808 15658280 16339752 17021224 17702696 18384168 19065640 19747112 20428584 21110056 21791528 22473000 23154472 23835944 24517416 25198888 25880360 26561832 27243304 27924776 28606248 29287720 29969192 30650664 31332136 32013608 32695080 33376552 34058024 34739496 35420968 36102440 36783912 37465384 38146856 38828328 39509800 40191272 40872744 41554216 42235688 42917160 43598632 44280104 44961576 45643048 46324520 47005992 47687464 48368936 49050408 49731880 50413352 51094824 51776296 52457768 53139240 53820712 54502184 55183656 55865128 56546600 57228072 57909544
Case #92: 209510349 438855356 668200363 897545370 1126890377 1356235384 1585580391 1814925398 2044270405 2273615412 2502960419 2732305426 2961650433 3190995440 3420340447 3649685454 3879030461 4108375468 4337720475 4567065482 4796410489 5025755496 5255100503 5484445510 5713790517 5943135524 6172480531 6401825538 6631170545 6860515552 7089860559 7319205566 7548550573 7777895580 8007240587 8236585594 8465930601 8695275608 8924620615 9153965622 9383310629 9612655636
Case #93: 28
Case #94: 2
Case #95: 3307459277541672 6903804525596968 10500149773652264 14096495021707560 17692840269762856 21289185517818152 24885530765873448 28481876013928744 32078221261984040 35674566510039336 39270911758094632 42867257006149928 46463602254205224 50059947502260520 53656292750315816 57252637998371112 60848983246426408 64445328494481704 68041673742537000 71638018990592296 75234364238647592 78830709486702888 82427054734758184 86023399982813480 89619745230868776 93216090478924072 96812435726979368 100408780975034664 104005126223089960 107601471471145256 111197816719200552 114794161967255848 118390507215311144 121986852463366440 125583197711421736 129179542959477032 132775888207532328 136372233455587624 139968578703642920 143564923951698216 147161269199753512 150757614447808808 154353959695864104 157950304943919400 161546650191974696 165142995440029992 168739340688085288 172335685936140584 175932031184195880 179528376432251176 183124721680306472 186721066928361768 190317412176417064 193913757424472360 197510102672527656 201106447920582952 204702793168638248 208299138416693544 211895483664748840 215491828912804136 219088174160859432 222684519408914728 226280864656970024 229877209905025320 233473555153080616 237069900401135912 240666245649191208 244262590897246504 247858936145301800 251455281393357096 255051626641412392 258647971889467688 262244317137522984 265840662385578280 269437007633633576 273033352881688872 276629698129744168 280226043377799464 283822388625854760 287418733873910056
Case #96: 227544881524 470632337045 713719792566 956807248087 1199894703608 1442982159129 1686069614650 1929157070171 2172244525692 2415331981213 2658419436734 2901506892255 3144594347776 3387681803297 3630769258818 3873856714339 4116944169860 4360031625381 4603119080902 4846206536423 5089293991944 5332381447465 5575468902986 5818556358507 6061643814028 6304731269549 6547818725070 6790906180591 7033993636112 7277081091633 7520168547154 7763256002675 8006343458196 8249430913717 8492518369238 8735605824759 8978693280280 9221780735801 9464868191322 9707955646843 9951043102364 10194130557885 10437218013406 10680305468927 10923392924448 11166480379969 11409567835490 11652655291011 11895742746532 12138830202053 12381917657574 12625005113095 12868092568616 13111180024137 13354267479658 13597354935179 13840442390700 14083529846221 14326617301742 14569704757263 14812792212784 15055879668305 15298967123826 15542054579347 15785142034868 16028229490389 16271316945910 16514404401431 16757491856952 17000579312473 17243666767994 17486754223515 17729841679036
Case #97: 2853116706
Case #98: 1294521285 3857411910 6420302535 8983193160 11546083785 14108974410 16671865035
Case #99: 342392
Case #100: 9900 19900 29900 39900 49900 59900 69900 79900 89900 99900 109900 119900 129900 139900 149900 159900 169900 179900 189900 199900 209900 219900 229900 239900 249900 259900 269900 279900 289900 299900 309900 319900 329900 339900 349900 359900 369900 379900 389900 399900 409900 419900 429900 439900 449900 459900 469900 479900 489900 499900 509900 519900 529900 539900 549900 559900 569900 579900 589900 599900 609900 619900 629900 639900 649900 659900 669900 679900 689900 699900 709900 719900 729900 739900 749900 759900 769900 779900 789900 799900 809900 819900 829900 839900 849900 859900 869900 879900 889900 899900 909900 919900 929900 939900 949900 959900 969900 979900
